2024-12-28 13:19:27 INFO  Log:11 - =====================================Login Test TEST START=========================================
2024-12-28 13:19:27 INFO  Log:22 - User is going to click on SignIn
2024-12-28 13:19:28 INFO  Log:22 - Enter Username and Password
2024-12-28 13:19:32 INFO  Log:22 - Verifying if user is able to login
2024-12-28 13:19:37 INFO  Log:11 - =====================================Login Test TEST START=========================================
2024-12-28 13:19:37 INFO  Log:22 - User is going to click on SignIn
2024-12-28 13:19:40 INFO  Log:22 - Enter Username and Password
2024-12-28 13:19:42 INFO  Log:22 - Verifying if user is able to login
2024-12-28 13:20:15 INFO  Log:11 - =====================================verifyLogo TEST START=========================================
2024-12-28 13:20:15 INFO  Log:15 - =====================================verifyLogo TEST END=========================================
2024-12-28 13:20:21 INFO  Log:11 - =====================================verifyTitle TEST START=========================================
2024-12-28 13:20:21 INFO  Log:15 - =====================================verifyTitle TEST END=========================================
2024-12-28 13:51:27 INFO  Log:11 - =====================================Login Test TEST START=========================================
2024-12-28 13:51:27 INFO  Log:22 - User is going to click on SignIn
2024-12-28 13:51:29 INFO  Log:22 - Enter Username and Password
2024-12-28 13:51:32 INFO  Log:22 - Verifying if user is able to login
2024-12-28 13:51:39 INFO  Log:11 - =====================================Login Test TEST START=========================================
2024-12-28 13:51:39 INFO  Log:22 - User is going to click on SignIn
2024-12-28 13:51:42 INFO  Log:22 - Enter Username and Password
2024-12-28 13:51:45 INFO  Log:22 - Verifying if user is able to login
2024-12-28 13:52:20 INFO  Log:11 - =====================================verifyLogo TEST START=========================================
2024-12-28 13:52:20 INFO  Log:15 - =====================================verifyLogo TEST END=========================================
2024-12-28 13:52:28 INFO  Log:11 - =====================================verifyTitle TEST START=========================================
2024-12-28 13:52:28 INFO  Log:15 - =====================================verifyTitle TEST END=========================================
2024-12-28 14:07:32 INFO  Log:11 - =====================================Login Test TEST START=========================================
2024-12-28 14:07:32 INFO  Log:22 - User is going to click on SignIn
2024-12-28 14:07:34 INFO  Log:22 - Enter Username and Password
2024-12-28 14:07:37 INFO  Log:22 - Verifying if user is able to login
2024-12-28 14:07:43 INFO  Log:11 - =====================================Login Test TEST START=========================================
2024-12-28 14:07:43 INFO  Log:22 - User is going to click on SignIn
2024-12-28 14:07:45 INFO  Log:22 - Enter Username and Password
2024-12-28 14:07:47 INFO  Log:22 - Verifying if user is able to login
2024-12-28 14:08:31 INFO  Log:11 - =====================================verifyLogo TEST START=========================================
2024-12-28 14:08:31 INFO  Log:15 - =====================================verifyLogo TEST END=========================================
2024-12-28 14:08:36 INFO  Log:11 - =====================================verifyTitle TEST START=========================================
2024-12-28 14:08:36 INFO  Log:15 - =====================================verifyTitle TEST END=========================================
2024-12-28 14:14:40 INFO  Log:11 - =====================================Login Test TEST START=========================================
2024-12-28 14:14:40 INFO  Log:22 - User is going to click on SignIn
2024-12-28 14:14:42 INFO  Log:22 - Enter Username and Password
2024-12-28 14:14:47 INFO  Log:22 - Verifying if user is able to login
2024-12-28 14:14:54 INFO  Log:11 - =====================================Login Test TEST START=========================================
2024-12-28 14:14:54 INFO  Log:22 - User is going to click on SignIn
2024-12-28 14:14:56 INFO  Log:22 - Enter Username and Password
2024-12-28 14:14:58 INFO  Log:22 - Verifying if user is able to login
2024-12-28 14:15:38 INFO  Log:11 - =====================================verifyLogo TEST START=========================================
2024-12-28 14:15:38 INFO  Log:15 - =====================================verifyLogo TEST END=========================================
2024-12-28 14:15:45 INFO  Log:11 - =====================================verifyTitle TEST START=========================================
2024-12-28 14:15:45 INFO  Log:15 - =====================================verifyTitle TEST END=========================================
2024-12-28 14:20:12 INFO  Log:11 - =====================================Login Test TEST START=========================================
2024-12-28 14:20:12 INFO  Log:22 - User is going to click on SignIn
2024-12-28 14:20:14 INFO  Log:22 - Enter Username and Password
2024-12-28 14:20:18 INFO  Log:22 - Verifying if user is able to login
2024-12-28 14:20:25 INFO  Log:11 - =====================================Login Test TEST START=========================================
2024-12-28 14:20:25 INFO  Log:22 - User is going to click on SignIn
2024-12-28 14:20:27 INFO  Log:22 - Enter Username and Password
2024-12-28 14:20:29 INFO  Log:22 - Verifying if user is able to login
2024-12-28 14:21:06 INFO  Log:11 - =====================================verifyLogo TEST START=========================================
2024-12-28 14:21:06 INFO  Log:15 - =====================================verifyLogo TEST END=========================================
2024-12-28 14:21:12 INFO  Log:11 - =====================================verifyTitle TEST START=========================================
2024-12-28 14:21:12 INFO  Log:15 - =====================================verifyTitle TEST END=========================================
2024-12-28 14:39:18 INFO  Log:11 - =====================================Login Test TEST START=========================================
2024-12-28 14:39:18 INFO  Log:22 - User is going to click on SignIn
2024-12-28 14:39:20 INFO  Log:22 - Enter Username and Password
2024-12-28 14:39:23 INFO  Log:22 - Verifying if user is able to login
2024-12-28 14:39:28 INFO  Log:11 - =====================================Login Test TEST START=========================================
2024-12-28 14:39:28 INFO  Log:22 - User is going to click on SignIn
2024-12-28 14:39:30 INFO  Log:22 - Enter Username and Password
2024-12-28 14:39:32 INFO  Log:22 - Verifying if user is able to login
2024-12-28 14:39:59 INFO  Log:11 - =====================================verifyLogo TEST START=========================================
2024-12-28 14:39:59 INFO  Log:15 - =====================================verifyLogo TEST END=========================================
2024-12-28 14:40:03 INFO  Log:11 - =====================================verifyTitle TEST START=========================================
2024-12-28 14:40:03 INFO  Log:15 - =====================================verifyTitle TEST END=========================================
2024-12-28 17:16:45 INFO  Log:11 - =====================================verifyLogo TEST START=========================================
2024-12-28 17:16:46 INFO  Log:15 - =====================================verifyLogo TEST END=========================================
2024-12-28 17:16:52 INFO  Log:11 - =====================================verifyTitle TEST START=========================================
2024-12-28 17:16:52 INFO  Log:15 - =====================================verifyTitle TEST END=========================================
2024-12-28 17:41:04 INFO  Log:11 - =====================================Login Test TEST START=========================================
2024-12-28 17:41:04 INFO  Log:22 - User is going to click on SignIn
2024-12-28 17:41:06 INFO  Log:22 - Enter Username and Password
2024-12-28 17:41:08 INFO  Log:22 - Verifying if user is able to login
2024-12-28 17:41:13 INFO  Log:11 - =====================================Login Test TEST START=========================================
2024-12-28 17:41:13 INFO  Log:22 - User is going to click on SignIn
2024-12-28 17:41:15 INFO  Log:22 - Enter Username and Password
2024-12-28 17:41:16 INFO  Log:22 - Verifying if user is able to login
2024-12-28 17:42:11 INFO  Log:11 - =====================================verifyLogo TEST START=========================================
2024-12-28 17:42:11 INFO  Log:15 - =====================================verifyLogo TEST END=========================================
2024-12-28 17:42:19 INFO  Log:11 - =====================================verifyTitle TEST START=========================================
2024-12-28 17:42:19 INFO  Log:15 - =====================================verifyTitle TEST END=========================================
2024-12-28 17:47:54 INFO  Log:11 - =====================================Login Test TEST START=========================================
2024-12-28 17:47:54 INFO  Log:22 - User is going to click on SignIn
2024-12-28 17:47:56 INFO  Log:22 - Enter Username and Password
2024-12-28 17:48:00 INFO  Log:22 - Verifying if user is able to login
2024-12-28 17:48:12 INFO  Log:11 - =====================================Login Test TEST START=========================================
2024-12-28 17:48:12 INFO  Log:22 - User is going to click on SignIn
2024-12-28 17:48:15 INFO  Log:22 - Enter Username and Password
2024-12-28 17:48:17 INFO  Log:22 - Verifying if user is able to login
2024-12-28 17:48:55 INFO  Log:11 - =====================================verifyLogo TEST START=========================================
2024-12-28 17:48:55 INFO  Log:15 - =====================================verifyLogo TEST END=========================================
2024-12-28 17:49:02 INFO  Log:11 - =====================================verifyTitle TEST START=========================================
2024-12-28 17:49:02 INFO  Log:15 - =====================================verifyTitle TEST END=========================================
2024-12-30 22:12:41 INFO  Log:11 - =====================================Login Test TEST START=========================================
2024-12-30 22:12:41 INFO  Log:22 - User is going to click on SignIn
2024-12-30 22:12:43 INFO  Log:22 - Enter Username and Password
2024-12-30 22:12:47 INFO  Log:22 - Verifying if user is able to login
2024-12-30 22:12:57 INFO  Log:11 - =====================================Login Test TEST START=========================================
2024-12-30 22:12:57 INFO  Log:22 - User is going to click on SignIn
2024-12-30 22:12:59 INFO  Log:22 - Enter Username and Password
2024-12-30 22:13:02 INFO  Log:22 - Verifying if user is able to login
2024-12-30 22:13:37 INFO  Log:11 - =====================================verifyLogo TEST START=========================================
2024-12-30 22:13:37 INFO  Log:15 - =====================================verifyLogo TEST END=========================================
2024-12-30 22:13:43 INFO  Log:11 - =====================================verifyTitle TEST START=========================================
2024-12-30 22:13:44 INFO  Log:15 - =====================================verifyTitle TEST END=========================================
2024-12-30 22:13:55 DEBUG cache:45 - Couldn't find template in cache for "v3html/v3-html-index.ftl"("en", UTF-8, parsed); will try to load it.
2024-12-30 22:13:55 DEBUG cache:45 - TemplateLoader.findTemplateSource("v3html/v3-html-index_en.ftl"): Not found
2024-12-30 22:13:55 DEBUG cache:45 - TemplateLoader.findTemplateSource("v3html/v3-html-index.ftl"): Found
2024-12-30 22:13:55 DEBUG cache:45 - Loading template for "v3html/v3-html-index.ftl"("en", UTF-8, parsed) from "jar:file:/C:/Users/tsamu/.m2/repository/com/aventstack/extentreports/4.0.9/extentreports-4.0.9.jar!/com/aventstack/extentreports/view/v3html/v3-html-index.ftl"
2024-12-30 22:13:55 DEBUG cache:45 - Couldn't find template in cache for "v3html/v3-html-head.ftl"("en", UTF-8, parsed); will try to load it.
2024-12-30 22:13:55 DEBUG cache:45 - TemplateLoader.findTemplateSource("v3html/v3-html-head_en.ftl"): Not found
2024-12-30 22:13:55 DEBUG cache:45 - TemplateLoader.findTemplateSource("v3html/v3-html-head.ftl"): Found
2024-12-30 22:13:55 DEBUG cache:45 - Loading template for "v3html/v3-html-head.ftl"("en", UTF-8, parsed) from "jar:file:/C:/Users/tsamu/.m2/repository/com/aventstack/extentreports/4.0.9/extentreports-4.0.9.jar!/com/aventstack/extentreports/view/v3html/v3-html-head.ftl"
2024-12-30 22:13:55 DEBUG cache:45 - Couldn't find template in cache for "v3html/v3-html-nav.ftl"("en", UTF-8, parsed); will try to load it.
2024-12-30 22:13:55 DEBUG cache:45 - TemplateLoader.findTemplateSource("v3html/v3-html-nav_en.ftl"): Not found
2024-12-30 22:13:55 DEBUG cache:45 - TemplateLoader.findTemplateSource("v3html/v3-html-nav.ftl"): Found
2024-12-30 22:13:55 DEBUG cache:45 - Loading template for "v3html/v3-html-nav.ftl"("en", UTF-8, parsed) from "jar:file:/C:/Users/tsamu/.m2/repository/com/aventstack/extentreports/4.0.9/extentreports-4.0.9.jar!/com/aventstack/extentreports/view/v3html/v3-html-nav.ftl"
2024-12-30 22:13:55 DEBUG cache:45 - Couldn't find template in cache for "v3html/test-view/v3-html-test-view.ftl"("en", UTF-8, parsed); will try to load it.
2024-12-30 22:13:55 DEBUG cache:45 - TemplateLoader.findTemplateSource("v3html/test-view/v3-html-test-view_en.ftl"): Not found
2024-12-30 22:13:55 DEBUG cache:45 - TemplateLoader.findTemplateSource("v3html/test-view/v3-html-test-view.ftl"): Found
2024-12-30 22:13:55 DEBUG cache:45 - Loading template for "v3html/test-view/v3-html-test-view.ftl"("en", UTF-8, parsed) from "jar:file:/C:/Users/tsamu/.m2/repository/com/aventstack/extentreports/4.0.9/extentreports-4.0.9.jar!/com/aventstack/extentreports/view/v3html/test-view/v3-html-test-view.ftl"
2024-12-30 22:13:55 DEBUG cache:45 - Couldn't find template in cache for "v3html/test-view/v3-html-test-view-charts.ftl"("en", UTF-8, parsed); will try to load it.
2024-12-30 22:13:55 DEBUG cache:45 - TemplateLoader.findTemplateSource("v3html/test-view/v3-html-test-view-charts_en.ftl"): Not found
2024-12-30 22:13:55 DEBUG cache:45 - TemplateLoader.findTemplateSource("v3html/test-view/v3-html-test-view-charts.ftl"): Found
2024-12-30 22:13:55 DEBUG cache:45 - Loading template for "v3html/test-view/v3-html-test-view-charts.ftl"("en", UTF-8, parsed) from "jar:file:/C:/Users/tsamu/.m2/repository/com/aventstack/extentreports/4.0.9/extentreports-4.0.9.jar!/com/aventstack/extentreports/view/v3html/test-view/v3-html-test-view-charts.ftl"
2024-12-30 22:13:55 DEBUG cache:45 - Couldn't find template in cache for "v3html/test-view/v3-html-standard.ftl"("en", UTF-8, parsed); will try to load it.
2024-12-30 22:13:55 DEBUG cache:45 - TemplateLoader.findTemplateSource("v3html/test-view/v3-html-standard_en.ftl"): Not found
2024-12-30 22:13:55 DEBUG cache:45 - TemplateLoader.findTemplateSource("v3html/test-view/v3-html-standard.ftl"): Found
2024-12-30 22:13:55 DEBUG cache:45 - Loading template for "v3html/test-view/v3-html-standard.ftl"("en", UTF-8, parsed) from "jar:file:/C:/Users/tsamu/.m2/repository/com/aventstack/extentreports/4.0.9/extentreports-4.0.9.jar!/com/aventstack/extentreports/view/v3html/test-view/v3-html-standard.ftl"
2024-12-30 22:13:55 DEBUG cache:45 - "v3html/test-view/v3-html-standard.ftl"("en", UTF-8, parsed) cached copy not yet stale; using cached.
2024-12-30 22:13:55 DEBUG cache:45 - "v3html/test-view/v3-html-standard.ftl"("en", UTF-8, parsed) cached copy not yet stale; using cached.
2024-12-30 22:13:55 DEBUG cache:45 - "v3html/test-view/v3-html-standard.ftl"("en", UTF-8, parsed) cached copy not yet stale; using cached.
2024-12-30 22:13:55 DEBUG cache:45 - "v3html/test-view/v3-html-standard.ftl"("en", UTF-8, parsed) cached copy not yet stale; using cached.
2024-12-30 22:13:55 DEBUG cache:45 - "v3html/test-view/v3-html-standard.ftl"("en", UTF-8, parsed) cached copy not yet stale; using cached.
2024-12-30 22:13:55 DEBUG cache:45 - "v3html/test-view/v3-html-standard.ftl"("en", UTF-8, parsed) cached copy not yet stale; using cached.
2024-12-30 22:13:55 DEBUG cache:45 - Couldn't find template in cache for "v3html/category-view/v3-html-category-view.ftl"("en", UTF-8, parsed); will try to load it.
2024-12-30 22:13:55 DEBUG cache:45 - TemplateLoader.findTemplateSource("v3html/category-view/v3-html-category-view_en.ftl"): Not found
2024-12-30 22:13:55 DEBUG cache:45 - TemplateLoader.findTemplateSource("v3html/category-view/v3-html-category-view.ftl"): Found
2024-12-30 22:13:55 DEBUG cache:45 - Loading template for "v3html/category-view/v3-html-category-view.ftl"("en", UTF-8, parsed) from "jar:file:/C:/Users/tsamu/.m2/repository/com/aventstack/extentreports/4.0.9/extentreports-4.0.9.jar!/com/aventstack/extentreports/view/v3html/category-view/v3-html-category-view.ftl"
2024-12-30 22:13:55 DEBUG cache:45 - Couldn't find template in cache for "v3html/exception-view/v3-html-exception-view.ftl"("en", UTF-8, parsed); will try to load it.
2024-12-30 22:13:55 DEBUG cache:45 - TemplateLoader.findTemplateSource("v3html/exception-view/v3-html-exception-view_en.ftl"): Not found
2024-12-30 22:13:55 DEBUG cache:45 - TemplateLoader.findTemplateSource("v3html/exception-view/v3-html-exception-view.ftl"): Found
2024-12-30 22:13:55 DEBUG cache:45 - Loading template for "v3html/exception-view/v3-html-exception-view.ftl"("en", UTF-8, parsed) from "jar:file:/C:/Users/tsamu/.m2/repository/com/aventstack/extentreports/4.0.9/extentreports-4.0.9.jar!/com/aventstack/extentreports/view/v3html/exception-view/v3-html-exception-view.ftl"
2024-12-30 22:13:55 DEBUG cache:45 - Couldn't find template in cache for "v3html/author-view/v3-html-author-view.ftl"("en", UTF-8, parsed); will try to load it.
2024-12-30 22:13:55 DEBUG cache:45 - TemplateLoader.findTemplateSource("v3html/author-view/v3-html-author-view_en.ftl"): Not found
2024-12-30 22:13:55 DEBUG cache:45 - TemplateLoader.findTemplateSource("v3html/author-view/v3-html-author-view.ftl"): Found
2024-12-30 22:13:55 DEBUG cache:45 - Loading template for "v3html/author-view/v3-html-author-view.ftl"("en", UTF-8, parsed) from "jar:file:/C:/Users/tsamu/.m2/repository/com/aventstack/extentreports/4.0.9/extentreports-4.0.9.jar!/com/aventstack/extentreports/view/v3html/author-view/v3-html-author-view.ftl"
2024-12-30 22:13:55 DEBUG cache:45 - Couldn't find template in cache for "v3html/dashboard-view/v3-html-dashboard-view.ftl"("en", UTF-8, parsed); will try to load it.
2024-12-30 22:13:55 DEBUG cache:45 - TemplateLoader.findTemplateSource("v3html/dashboard-view/v3-html-dashboard-view_en.ftl"): Not found
2024-12-30 22:13:55 DEBUG cache:45 - TemplateLoader.findTemplateSource("v3html/dashboard-view/v3-html-dashboard-view.ftl"): Found
2024-12-30 22:13:55 DEBUG cache:45 - Loading template for "v3html/dashboard-view/v3-html-dashboard-view.ftl"("en", UTF-8, parsed) from "jar:file:/C:/Users/tsamu/.m2/repository/com/aventstack/extentreports/4.0.9/extentreports-4.0.9.jar!/com/aventstack/extentreports/view/v3html/dashboard-view/v3-html-dashboard-view.ftl"
2024-12-30 22:13:55 DEBUG cache:45 - Couldn't find template in cache for "v3html/logs-view/v3-html-testrunner-logs-view.ftl"("en", UTF-8, parsed); will try to load it.
2024-12-30 22:13:55 DEBUG cache:45 - TemplateLoader.findTemplateSource("v3html/logs-view/v3-html-testrunner-logs-view_en.ftl"): Not found
2024-12-30 22:13:55 DEBUG cache:45 - TemplateLoader.findTemplateSource("v3html/logs-view/v3-html-testrunner-logs-view.ftl"): Found
2024-12-30 22:13:55 DEBUG cache:45 - Loading template for "v3html/logs-view/v3-html-testrunner-logs-view.ftl"("en", UTF-8, parsed) from "jar:file:/C:/Users/tsamu/.m2/repository/com/aventstack/extentreports/4.0.9/extentreports-4.0.9.jar!/com/aventstack/extentreports/view/v3html/logs-view/v3-html-testrunner-logs-view.ftl"
